{
  "RSpec": {
    "coverage": {
      "/home/morgan/onapp/config/environment.rb": [
        null,
        1,
        null,
        null,
        1
      ],
      "/home/morgan/onapp/config/application.rb": [
        1,
        null,
        1,
        null,
        1,
        1,
        1,
        1,
        1,
        1,
        1,
        null,
        null,
        null,
        null,
        1,
        null,
        1,
        1,
        null,
        null,
        null,
        null,
        null,
        null,
        null,
        null,
        null,
        null,
        null,
        null,
        null,
        1,
        1,
        null,
        1,
        1,
        1,
        null,
        null,
        null
      ],
      "/home/morgan/onapp/config/boot.rb": [
        1,
        null,
        1
      ],
      "/home/morgan/onapp/config/environments/test.rb": [
        1,
        null,
        null,
        null,
        null,
        null,
        null,
        1,
        null,
        null,
        null,
        null,
        1,
        null,
        null,
        1,
        1,
        null,
        null,
        1,
        1,
        null,
        null,
        1,
        null,
        null,
        1,
        null,
        null,
        null,
        null,
        1,
        1,
        null,
        null,
        1,
        null,
        null,
        1,
        null,
        null,
        null,
        null
      ],
      "/home/morgan/onapp/config/initializers/assets.rb": [
        null,
        null,
        null,
        1,
        null,
        null,
        null,
        null,
        null,
        null,
        null
      ],
      "/home/morgan/onapp/config/initializers/backtrace_silencers.rb": [
        null,
        null,
        null,
        null,
        null,
        null,
        null
      ],
      "/home/morgan/onapp/config/initializers/cookies_serializer.rb": [
        null,
        null,
        1
      ],
      "/home/morgan/onapp/config/initializers/devise.rb": [
        null,
        null,
        1,
        null,
        null,
        null,
        null,
        null,
        null,
        null,
        null,
        null,
        null,
        null,
        1,
        null,
        null,
        null,
        null,
        null,
        null,
        null,
        null,
        1,
        null,
        null,
        null,
        null,
        null,
        null,
        null,
        null,
        null,
        1,
        null,
        null,
        null,
        null,
        null,
        null,
        null,
        null,
        null,
        null,
        null,
        1,
        null,
        null,
        null,
        null,
        1,
        null,
        null,
        null,
        null,
        null,
        null,
        null,
        null,
        null,
        null,
        null,
        null,
        null,
        null,
        null,
        null,
        null,
        null,
        null,
        null,
        null,
        null,
        null,
        null,
        null,
        null,
        null,
        null,
        null,
        null,
        1,
        null,
        null,
        null,
        null,
        null,
        null,
        null,
        null,
        null,
        null,
        null,
        null,
        null,
        null,
        null,
        null,
        1,
        null,
        null,
        null,
        null,
        null,
        null,
        null,
        null,
        null,
        null,
        null,
        null,
        null,
        null,
        null,
        null,
        null,
        null,
        null,
        null,
        null,
        null,
        null,
        null,
        1,
        null,
        null,
        null,
        null,
        null,
        null,
        null,
        null,
        null,
        1,
        null,
        null,
        null,
        null,
        null,
        null,
        null,
        null,
        null,
        null,
        1,
        null,
        null,
        null,
        null,
        null,
        null,
        null,
        null,
        null,
        null,
        null,
        null,
        null,
        null,
        null,
        null,
        null,
        null,
        null,
        null,
        null,
        null,
        null,
        null,
        null,
        null,
        null,
        null,
        null,
        null,
        null,
        null,
        null,
        null,
        null,
        null,
        null,
        null,
        null,
        null,
        null,
        null,
        null,
        null,
        null,
        null,
        null,
        null,
        1,
        null,
        null,
        null,
        null,
        null,
        null,
        null,
        null,
        null,
        null,
        null,
        null,
        null,
        null,
        null,
        null,
        null,
        null,
        null,
        null,
        null,
        null,
        null,
        null,
        null,
        null,
        null,
        null,
        null,
        null,
        null,
        null,
        null,
        null,
        null,
        null,
        null,
        null,
        null,
        null,
        null,
        1,
        null,
        null,
        null,
        null,
        null,
        null,
        null,
        null,
        null,
        null,
        null,
        null,
        null,
        null,
        null,
        null,
        null,
        null,
        null,
        null,
        null,
        null,
        null,
        null,
        null,
        null,
        null,
        null,
        null
      ],
      "/home/morgan/onapp/config/initializers/filter_parameter_logging.rb": [
        null,
        null,
        null,
        1
      ],
      "/home/morgan/onapp/config/initializers/inflections.rb": [
        null,
        null,
        null,
        null,
        null,
        null,
        null,
        null,
        null,
        null,
        null,
        null,
        null,
        null,
        null,
        null
      ],
      "/home/morgan/onapp/config/initializers/mime_types.rb": [
        null,
        null,
        null,
        null
      ],
      "/home/morgan/onapp/config/initializers/session_store.rb": [
        null,
        null,
        1
      ],
      "/home/morgan/onapp/config/initializers/simple_form.rb": [
        null,
        1,
        null,
        null,
        null,
        null,
        null,
        1,
        null,
        null,
        null,
        null,
        null,
        null,
        null,
        null,
        null,
        1,
        null,
        null,
        null,
        1,
        null,
        null,
        null,
        null,
        null,
        null,
        null,
        null,
        1,
        null,
        null,
        1,
        null,
        null,
        1,
        null,
        null,
        1,
        null,
        null,
        1,
        1,
        1,
        null,
        null,
        null,
        null,
        null,
        null,
        null,
        null,
        null,
        1,
        null,
        null,
        null,
        null,
        null,
        1,
        null,
        null,
        1,
        null,
        null,
        null,
        null,
        null,
        null,
        null,
        1,
        null,
        null,
        1,
        null,
        null,
        null,
        null,
        null,
        null,
        null,
        null,
        null,
        null,
        null,
        null,
        null,
        null,
        null,
        null,
        null,
        null,
        null,
        null,
        null,
        null,
        null,
        null,
        null,
        null,
        null,
        null,
        null,
        null,
        null,
        null,
        null,
        null,
        null,
        null,
        null,
        null,
        null,
        null,
        null,
        null,
        null,
        null,
        1,
        null,
        null,
        null,
        null,
        null,
        null,
        null,
        null,
        null,
        null,
        null,
        null,
        null,
        null,
        null,
        null,
        null,
        null,
        null,
        null,
        null,
        null,
        null,
        null,
        null,
        null,
        null,
        null,
        null,
        null,
        null,
        null,
        null,
        null,
        null,
        null,
        1,
        null,
        null,
        null,
        null,
        null,
        null,
        null,
        null
      ],
      "/home/morgan/onapp/config/initializers/simple_form_bootstrap.rb": [
        null,
        1,
        1,
        1,
        1,
        null,
        1,
        1,
        1,
        1,
        1,
        1,
        1,
        1,
        null,
        1,
        1,
        1,
        null,
        null,
        1,
        1,
        1,
        1,
        1,
        1,
        null,
        1,
        1,
        1,
        null,
        null,
        1,
        1,
        1,
        null,
        1,
        1,
        null,
        null,
        1,
        1,
        null,
        null,
        1,
        1,
        1,
        1,
        1,
        1,
        1,
        null,
        null,
        1,
        1,
        1,
        1,
        1,
        1,
        1,
        1,
        null,
        1,
        1,
        1,
        1,
        null,
        null,
        null,
        1,
        1,
        1,
        1,
        1,
        1,
        null,
        1,
        1,
        1,
        1,
        null,
        null,
        null,
        1,
        1,
        1,
        null,
        1,
        1,
        1,
        null,
        null,
        1,
        1,
        null,
        null,
        null,
        1,
        1,
        1,
        null,
        1,
        null,
        1,
        1,
        1,
        1,
        null,
        null,
        null,
        1,
        1,
        1,
        1,
        1,
        1,
        1,
        1,
        null,
        1,
        1,
        1,
        null,
        null,
        1,
        1,
        1,
        1,
        1,
        1,
        1,
        1,
        null,
        null,
        null,
        null,
        null,
        null,
        1,
        1,
        null,
        null,
        null,
        null,
        null,
        null,
        null,
        null,
        null
      ],
      "/home/morgan/onapp/config/initializers/wrap_parameters.rb": [
        null,
        null,
        null,
        null,
        null,
        null,
        1,
        1,
        null,
        null,
        null,
        null,
        null,
        null
      ],
      "/home/morgan/onapp/spec/factories/customers.rb": [
        1,
        1,
        null,
        null,
        null,
        null
      ],
      "/home/morgan/onapp/spec/factories/departments.rb": [
        1,
        1,
        87,
        null,
        null
      ],
      "/home/morgan/onapp/spec/factories/employees.rb": [
        1,
        1,
        1,
        null,
        null
      ],
      "/home/morgan/onapp/spec/factories/replies.rb": [
        1,
        1,
        14,
        1,
        1,
        null,
        null
      ],
      "/home/morgan/onapp/spec/factories/tickets.rb": [
        1,
        1,
        59,
        56,
        59,
        59,
        1,
        null,
        null
      ],
      "/home/morgan/onapp/spec/factories/users.rb": [
        1,
        1,
        28,
        28,
        28,
        null,
        null
      ],
      "/home/morgan/onapp/config/routes.rb": [
        1,
        1,
        null,
        1,
        null,
        1,
        1,
        1,
        1,
        null,
        1,
        null,
        null,
        1,
        null
      ],
      "/home/morgan/onapp/app/models/user.rb": [
        1,
        1,
        null,
        null,
        1,
        null,
        1,
        null,
        1,
        1,
        null,
        1,
        34,
        null,
        null,
        1,
        24,
        null,
        null,
        1,
        null,
        1,
        27,
        null,
        null
      ],
      "/home/morgan/onapp/app/helpers/application_helper.rb": [
        1,
        1,
        0,
        null,
        null,
        1,
        0,
        0,
        0,
        0,
        0,
        null,
        0,
        null,
        null,
        null,
        null,
        null
      ],
      "/home/morgan/onapp/app/helpers/replies_helper.rb": [
        1,
        1,
        3,
        null,
        null
      ],
      "/home/morgan/onapp/app/helpers/search_helper.rb": [
        1,
        null
      ],
      "/home/morgan/onapp/app/helpers/tickets_helper.rb": [
        1,
        1,
        1,
        1,
        null,
        null,
        null
      ],
      "/home/morgan/onapp/spec/support/controller_helpers.rb": [
        1,
        1,
        29,
        9,
        9,
        20,
        10,
        10,
        10,
        10,
        null,
        10,
        10,
        null,
        null,
        null
      ],
      "/home/morgan/onapp/spec/support/shared_examples_customer.rb": [
        1,
        2,
        2,
        null,
        2,
        2,
        null,
        null,
        null,
        1,
        2,
        2,
        2,
        null,
        null,
        null,
        2,
        2,
        null,
        2,
        2,
        2,
        null,
        null,
        2,
        2,
        null,
        2,
        2,
        null,
        null,
        null,
        1,
        2,
        4,
        2,
        2,
        null,
        null,
        null,
        1,
        2,
        4,
        2,
        2,
        2,
        2,
        null,
        null,
        null,
        1,
        2,
        4,
        2,
        2,
        2,
        2,
        null,
        null
      ],
      "/home/morgan/onapp/spec/support/shared_examples_guest.rb": [
        1,
        2,
        2,
        null,
        2,
        2,
        null,
        null,
        null,
        1,
        2,
        2,
        null,
        2,
        2,
        null,
        null
      ],
      "/home/morgan/onapp/app/controllers/replies_controller.rb": [
        1,
        1,
        1,
        null,
        1,
        1,
        1,
        null,
        1,
        2,
        2,
        2,
        2,
        1,
        null,
        2,
        null,
        null,
        null,
        null,
        1,
        null,
        1,
        2,
        null,
        null
      ],
      "/home/morgan/onapp/app/controllers/application_controller.rb": [
        1,
        1,
        null,
        1,
        null,
        1,
        1,
        null,
        null,
        1,
        null,
        1,
        14,
        null,
        null,
        1,
        0,
        null,
        null,
        1,
        0,
        null,
        null
      ],
      "/home/morgan/onapp/spec/controllers/search_controller_spec.rb": [
        1,
        null,
        1,
        null
      ],
      "/home/morgan/onapp/app/controllers/search_controller.rb": [
        1,
        1,
        0,
        0,
        null,
        0,
        null,
        null,
        null
      ],
      "/home/morgan/onapp/spec/controllers/tickets_controller_spec.rb": [
        1,
        null,
        1,
        10,
        5,
        17,
        2,
        8,
        null,
        1,
        1,
        1,
        null,
        1,
        null,
        null,
        null,
        1,
        1,
        1,
        null,
        1,
        1,
        null,
        null,
        1,
        1,
        null,
        2,
        null,
        null,
        null,
        1,
        1,
        2,
        1,
        1,
        null,
        1,
        1,
        null,
        null,
        null,
        1,
        2,
        null,
        1,
        null,
        null,
        1,
        2,
        null,
        1,
        null,
        null,
        null,
        1,
        1,
        2,
        1,
        1,
        null,
        1,
        1,
        null,
        null,
        null,
        1,
        4,
        null,
        1,
        null,
        null,
        1,
        4,
        null,
        1,
        null,
        null,
        null,
        1,
        1,
        2,
        null,
        1,
        null,
        null,
        1,
        3,
        null,
        1,
        1,
        1,
        1,
        null,
        1,
        1,
        null,
        null,
        null,
        1,
        1,
        1,
        null,
        1,
        1,
        null,
        null,
        null,
        null,
        1,
        2,
        null,
        1,
        null,
        null,
        null,
        1,
        1,
        2,
        null,
        1,
        null,
        null,
        1,
        1,
        2,
        1,
        1,
        1,
        1,
        null,
        1,
        1,
        null,
        null,
        null,
        1,
        1,
        1,
        null,
        1,
        1,
        null,
        null,
        null,
        null,
        1,
        2,
        null,
        1,
        null,
        null,
        null,
        1,
        1,
        1,
        2,
        null,
        null,
        1,
        1,
        1,
        null,
        1,
        null,
        1,
        1,
        1,
        1,
        null,
        null,
        1,
        1,
        1,
        1,
        null,
        1,
        1,
        null,
        null,
        null,
        1,
        2,
        null,
        1,
        null,
        null,
        1,
        2,
        null,
        1,
        null,
        null,
        null,
        1,
        1,
        1,
        2,
        null,
        null,
        2,
        null,
        1,
        1,
        1,
        1,
        null,
        1,
        null,
        1,
        1,
        1,
        1,
        null,
        null,
        1,
        1,
        1,
        1,
        null,
        1,
        1,
        null,
        null,
        null,
        1,
        2,
        null,
        1,
        null,
        null,
        1,
        2,
        null,
        1,
        null,
        null,
        null
      ],
      "/home/morgan/onapp/app/controllers/tickets_controller.rb": [
        1,
        1,
        1,
        null,
        1,
        null,
        1,
        19,
        1,
        1,
        null,
        1,
        6,
        6,
        6,
        null,
        6,
        null,
        null,
        1,
        2,
        null,
        null,
        1,
        1,
        1,
        1,
        null,
        1,
        null,
        null,
        1,
        2,
        1,
        1,
        1,
        null,
        1,
        1,
        null,
        null,
        null,
        1,
        2,
        2,
        1,
        1,
        null,
        1,
        1,
        null,
        null,
        null,
        1,
        null,
        1,
        15,
        null,
        null,
        null,
        1,
        4,
        null,
        null
      ],
      "/home/morgan/onapp/spec/helpers/replies_helper_spec.rb": [
        1,
        null,
        1,
        1,
        1,
        1,
        1,
        1,
        1,
        null,
        1,
        null,
        null,
        null
      ],
      "/home/morgan/onapp/spec/helpers/search_helper_spec.rb": [
        1,
        null,
        null,
        null,
        null,
        null,
        null,
        null,
        null,
        null,
        null,
        null,
        1,
        null
      ],
      "/home/morgan/onapp/spec/helpers/tickets_helper_spec.rb": [
        1,
        null,
        1,
        1,
        1,
        1,
        1,
        null,
        1,
        null,
        null,
        null
      ],
      "/home/morgan/onapp/spec/mailers/customer_mailer_spec.rb": [
        1,
        null,
        1,
        5,
        5,
        null,
        1,
        8,
        8,
        8,
        null,
        null,
        1,
        8,
        null,
        null,
        1,
        5,
        null,
        1,
        1,
        null,
        null,
        1,
        1,
        null,
        null,
        1,
        1,
        null,
        null,
        1,
        1,
        null,
        null,
        null,
        1,
        1,
        4,
        null,
        null,
        1,
        1,
        null,
        null,
        1,
        1,
        null,
        null,
        1,
        1,
        null,
        null,
        1,
        1,
        null,
        null,
        null
      ],
      "/home/morgan/onapp/app/mailers/customer_mailer.rb": [
        1,
        1,
        null,
        1,
        10,
        10,
        10,
        null,
        null,
        1,
        14,
        14,
        14,
        14,
        null,
        null
      ],
      "/home/morgan/onapp/app/mailers/application_mailer.rb": [
        1,
        1,
        1,
        null
      ],
      "/home/morgan/onapp/spec/models/customer_spec.rb": [
        1,
        null,
        1,
        null
      ],
      "/home/morgan/onapp/app/models/customer.rb": [
        1,
        1,
        null
      ],
      "/home/morgan/onapp/spec/models/department_spec.rb": [
        1,
        null,
        1,
        null
      ],
      "/home/morgan/onapp/app/models/department.rb": [
        1,
        1,
        null
      ],
      "/home/morgan/onapp/spec/models/employee_spec.rb": [
        1,
        null,
        1,
        1,
        1,
        1,
        null,
        1,
        null,
        null,
        null
      ],
      "/home/morgan/onapp/app/models/employee.rb": [
        1,
        1,
        1,
        1,
        null,
        1,
        null
      ],
      "/home/morgan/onapp/spec/models/reply_spec.rb": [
        1,
        null,
        1,
        1,
        1,
        null,
        1,
        1,
        1,
        null,
        null,
        1,
        1,
        null,
        1,
        null,
        null,
        null,
        1,
        1,
        1,
        null,
        1,
        null,
        null,
        1,
        1,
        null,
        1,
        null,
        null,
        1,
        1,
        null,
        1,
        null,
        null,
        null,
        1,
        1,
        1,
        null,
        1,
        null,
        null,
        1,
        1,
        null,
        1,
        null,
        null,
        null,
        1,
        1,
        1,
        null,
        1,
        1,
        null,
        null,
        null
      ],
      "/home/morgan/onapp/app/models/reply.rb": [
        1,
        1,
        1,
        null,
        1,
        null,
        1,
        null,
        1,
        1,
        null,
        1,
        null,
        1,
        10,
        null,
        null
      ],
      "/home/morgan/onapp/spec/models/ticket_spec.rb": [
        1,
        null,
        1,
        1,
        1,
        1,
        null,
        null,
        1,
        1,
        null,
        1,
        null,
        null,
        null,
        1,
        1,
        1,
        null,
        1,
        null,
        null,
        1,
        1,
        null,
        1,
        null,
        null,
        1,
        1,
        null,
        1,
        null,
        null,
        1,
        1,
        null,
        1,
        null,
        null,
        1,
        1,
        null,
        1,
        null,
        null,
        1,
        1,
        null,
        1,
        null,
        null,
        null,
        1,
        1,
        1,
        null,
        1,
        null,
        null,
        null,
        1,
        1,
        1,
        1,
        null,
        null,
        1,
        1,
        1,
        null,
        1,
        null,
        null,
        null,
        1,
        1,
        1,
        1,
        null,
        1,
        null,
        null,
        1,
        1,
        1,
        null,
        1,
        null,
        null,
        null
      ],
      "/home/morgan/onapp/app/models/ticket.rb": [
        1,
        null,
        1,
        1,
        1,
        1,
        null,
        1,
        1,
        1,
        1,
        1,
        1,
        null,
        1,
        1,
        null,
        null,
        1,
        1,
        null,
        null,
        1,
        1,
        null,
        null,
        1,
        1,
        null,
        null,
        1,
        1,
        null,
        null,
        null,
        1,
        null,
        1,
        1,
        1,
        null,
        1,
        null,
        1,
        1,
        null,
        1,
        1,
        18,
        0,
        0,
        0,
        0,
        null,
        null,
        null,
        1,
        2,
        null,
        null,
        1,
        null,
        1,
        null,
        52,
        52,
        null,
        null,
        1,
        52,
        null,
        null,
        1,
        156,
        null,
        null,
        1,
        104,
        null,
        null,
        1,
        2,
        null,
        null,
        null,
        1
      ],
      "/home/morgan/onapp/spec/models/user_spec.rb": [
        1,
        null,
        1,
        1,
        1,
        1,
        null,
        null,
        1,
        1,
        1,
        null,
        null,
        1,
        1,
        1,
        null,
        null,
        null,
        1,
        1,
        1,
        1,
        null,
        1,
        null,
        null,
        null,
        1,
        1,
        1,
        1,
        null,
        null,
        null
      ],
      "/home/morgan/onapp/app/models/ability.rb": [
        1,
        1,
        null,
        1,
        33,
        33,
        10,
        10,
        23,
        10,
        10,
        null,
        13,
        13,
        null,
        null,
        null
      ]
    },
    "timestamp": 1429619664
  }
}
